#
# A fatal error has been detected by the Java Runtime Environment:
#
#  EXCEPTION_ACCESS_VIOLATION (0xc0000005) at pc=0x00007fffb71ec2b3, pid=3440, tid=20736
#
# JRE version: Java(TM) SE Runtime Environment (15.0.1+9) (build 15.0.1+9-18)
# Java VM: Java HotSpot(TM) 64-Bit Server VM (15.0.1+9-18, mixed mode, sharing, tiered, compressed oops, g1 gc, windows-amd64)
# Problematic frame:
# V  [jvm.dll+0x6c2b3]
#
# No core dump will be written. Minidumps are not enabled by default on client versions of Windows
#
# If you would like to submit a bug report, please visit:
#   https://bugreport.java.com/bugreport/crash.jsp
#

---------------  S U M M A R Y ------------

Command Line: -Dclassworlds.conf=C:\apache-maven-3.6.3\bin\..\bin\m2.conf -Dmaven.home=C:\apache-maven-3.6.3\bin\.. -Dlibrary.jansi.path=C:\apache-maven-3.6.3\bin\..\lib\jansi-native -Dmaven.multiModuleProjectDirectory=D:\TASK(2020.10~)\graber org.codehaus.plexus.classworlds.launcher.Launcher clean install

Host: Intel(R) Core(TM) i7-7700 CPU @ 3.60GHz, 8 cores, 15G,  Windows 10 , 64 bit Build 18362 (10.0.18362.1110)
Time: Fri Nov 27 15:20:39 2020 Eastern Standard Time elapsed time: 0.242336 seconds (0d 0h 0m 0s)

---------------  T H R E A D  ---------------

Current thread (0x00000160ca4fe960):  JavaThread "C2 CompilerThread1" daemon [_thread_in_native, id=20736, stack(0x00000044ef600000,0x00000044ef700000)]


Current CompileTask:
C2:    246  503       4       java.lang.String::indexOf (7 bytes)

Stack: [0x00000044ef600000,0x00000044ef700000],  sp=0x00000044ef6fc0e0,  free space=1008k
Native frames: (J=compiled Java code, j=interpreted, Vv=VM code, C=native code)
V  [jvm.dll+0x6c2b3]
V  [jvm.dll+0x5bc668]
V  [jvm.dll+0x5ba79e]
V  [jvm.dll+0x1ea4d8]
V  [jvm.dll+0x1e98ae]
V  [jvm.dll+0x1784c7]
V  [jvm.dll+0x1f9165]
V  [jvm.dll+0x1f720c]
V  [jvm.dll+0x74485d]
V  [jvm.dll+0x73d65a]
V  [jvm.dll+0x629c56]
C  [ucrtbase.dll+0x210b2]
C  [KERNEL32.DLL+0x17c24]
C  [ntdll.dll+0x6d4d1]


siginfo: EXCEPTION_ACCESS_VIOLATION (0xc0000005), writing address 0xffffffffffffffff


Register to memory mapping:

RIP=0x00007fffb71ec2b3 jvm.dll
RAX=0x0 is NULL
RBX=0x00000160ca145d80 points into unknown readable memory: 0x00007fffb79aafc0 | c0 af 9a b7 ff 7f 00 00
RCX=0xffffffffffffffff is an unknown value
RDX=0x00000160ca5329d0 points into unknown readable memory: 0x00000160ca145d38 | 38 5d 14 ca 60 01 00 00
RSP=0x00000044ef6fc0e0 is pointing into the stack for thread: 0x00000160ca4fe960
RBP=0x00000044ef6fc158 is pointing into the stack for thread: 0x00000160ca4fe960
RSI=0xfffffffffffffff8 is an unknown value
RDI=0x00000160ca145d38 points into unknown readable memory: 0x00007fffb79ccc08 | 08 cc 9c b7 ff 7f 00 00
R8 =0x00000160ca5329c0 points into unknown readable memory: 0x00000160ca52fdd0 | d0 fd 52 ca 60 01 00 00
R9 =0x00000160ca145d78 points into unknown readable memory: 0x00000160ca145d80 | 80 5d 14 ca 60 01 00 00
R10=0x00000160ca147000 points into unknown readable memory: 0x00000160ca530b68 | 68 0b 53 ca 60 01 00 00
R11=0x0 is NULL
R12=0x0 is NULL
R13=0x00000044ef6fc550 is pointing into the stack for thread: 0x00000160ca4fe960
R14=0x000000000000001c is an unknown value
R15=0x00000160ca4e7428 points into unknown readable memory: 0x00007fffb7a0fa68 | 68 fa a0 b7 ff 7f 00 00


Registers:
RAX=0x0000000000000000, RBX=0x00000160ca145d80, RCX=0xffffffffffffffff, RDX=0x00000160ca5329d0
RSP=0x00000044ef6fc0e0, RBP=0x00000044ef6fc158, RSI=0xfffffffffffffff8, RDI=0x00000160ca145d38
R8 =0x00000160ca5329c0, R9 =0x00000160ca145d78, R10=0x00000160ca147000, R11=0x0000000000000000
R12=0x0000000000000000, R13=0x00000044ef6fc550, R14=0x000000000000001c, R15=0x00000160ca4e7428
RIP=0x00007fffb71ec2b3, EFLAGS=0x0000000000010287

Top of Stack: (sp=0x00000044ef6fc0e0)
0x00000044ef6fc0e0:   00000044ef6fc550 00000160ca149040
0x00000044ef6fc0f0:   00000044ef6fc158 00000044ef6fc158
0x00000044ef6fc100:   0000000000000001 00007fffb773c668
0x00000044ef6fc110:   00000160ca145d80 00000160ca34caf8
0x00000044ef6fc120:   00000044ef6fe8d0 00000160ca533450
0x00000044ef6fc130:   00000160ca06e0d0 00000160ca071590
0x00000044ef6fc140:   00000160ca06de90 00000160ca359f60
0x00000044ef6fc150:   0000000000000000 0000000000000000
0x00000044ef6fc160:   0000000000000008 00000044ef6fc550
0x00000044ef6fc170:   00000044ef6fc200 00007fffb773a79e
0x00000044ef6fc180:   0000000000000004 0000000000000262
0x00000044ef6fc190:   0000000000000004 00000044ef6feae0
0x00000044ef6fc1a0:   0000000000100000 0000000000000000
0x00000044ef6fc1b0:   0000000000000000 0000000000000000
0x00000044ef6fc1c0:   0000000000000000 0000000000000000
0x00000044ef6fc1d0:   0000000000000000 0000000000000000 

Instructions: (pc=0x00007fffb71ec2b3)
0x00007fffb71ec1b3:   00 00 c3 cc cc cc cc cc cc cc cc cc cc b8 eb 02
0x00007fffb71ec1c3:   00 00 c3 cc cc cc cc cc cc cc cc cc cc b8 ec 02
0x00007fffb71ec1d3:   00 00 c3 cc cc cc cc cc cc cc cc cc cc b8 03 03
0x00007fffb71ec1e3:   00 00 c3 cc cc cc cc cc cc cc cc cc cc b8 01 03
0x00007fffb71ec1f3:   00 00 c3 cc cc cc cc cc cc cc cc cc cc b8 02 03
0x00007fffb71ec203:   00 00 c3 cc cc cc cc cc cc cc cc cc cc b8 b6 02
0x00007fffb71ec213:   00 00 c3 cc cc cc cc cc cc cc cc cc cc b8 b5 02
0x00007fffb71ec223:   00 00 c3 cc cc cc cc cc cc cc cc cc cc b8 99 02
0x00007fffb71ec233:   00 00 c3 cc cc cc cc cc cc cc cc cc cc 48 89 5c
0x00007fffb71ec243:   24 08 57 48 83 ec 20 48 8b 41 08 48 8b f9 8b d2
0x00007fffb71ec253:   49 8b d8 48 8b 0c d0 4c 8d 0c d0 48 85 c9 74 26
0x00007fffb71ec263:   4c 8b 41 10 4d 85 c0 74 1d 8b 41 20 49 8d 14 c0
0x00007fffb71ec273:   48 39 7a f8 48 8d 52 f8 75 f6 ff c8 89 41 20 49
0x00007fffb71ec283:   8b 0c c0 48 89 0a 49 89 19 48 85 db 74 29 48 8b
0x00007fffb71ec293:   4b 10 48 85 c9 74 20 8b 43 20 3b 43 24 75 11 8b
0x00007fffb71ec2a3:   d0 48 8b cb e8 24 ed 59 00 8b 43 20 48 8b 4b 10
0x00007fffb71ec2b3:   48 89 3c c1 ff 43 20 8b 0d 0c 3c a6 00 65 48 8b
0x00007fffb71ec2c3:   04 25 58 00 00 00 ba 40 00 00 00 48 8b 04 c8 80
0x00007fffb71ec2d3:   3c 02 00 75 05 e8 0f c4 76 00 48 8b 5c 24 30 48
0x00007fffb71ec2e3:   83 c4 20 5f c3 cc cc cc cc cc cc cc cc b8 a8 00
0x00007fffb71ec2f3:   00 00 c3 cc cc cc cc cc cc cc cc cc cc 48 89 5c
0x00007fffb71ec303:   24 08 57 48 83 ec 20 33 db 89 51 04 41 0f b6 c0
0x00007fffb71ec313:   48 8b f9 89 19 44 89 49 10 8d 53 08 48 89 41 08
0x00007fffb71ec323:   e8 38 7c 2a 00 48 89 47 18 39 5f 04 7e 11 48 8b
0x00007fffb71ec333:   47 18 33 d2 48 89 14 d8 ff c3 3b 5f 04 7c ef 48
0x00007fffb71ec343:   8b 5c 24 30 48 8b c7 48 83 c4 20 5f c3 40 53 48
0x00007fffb71ec353:   83 ec 20 48 8b d9 e8 02 02 00 00 48 8d 05 93 05
0x00007fffb71ec363:   7c 00 c7 43 2c be 00 00 00 48 89 03 48 8d 83 b0
0x00007fffb71ec373:   00 00 00 48 89 43 40 48 8b c3 c7 43 3c 02 00 00
0x00007fffb71ec383:   00 48 83 c4 20 5b c3 cc cc cc cc cc cc 40 53 48
0x00007fffb71ec393:   83 ec 20 33 d2 48 8b d9 e8 70 b9 59 00 33 c9 c7
0x00007fffb71ec3a3:   43 2c 06 00 00 00 48 8d 05 70 ee 78 00 89 4b 3c 


Stack slot to memory mapping:
stack at sp + 0 slots: 0x00000044ef6fc550 is pointing into the stack for thread: 0x00000160ca4fe960
stack at sp + 1 slots: 0x00000160ca149040 points into unknown readable memory: 0x00007fffb79cc820 | 20 c8 9c b7 ff 7f 00 00
stack at sp + 2 slots: 0x00000044ef6fc158 is pointing into the stack for thread: 0x00000160ca4fe960
stack at sp + 3 slots: 0x00000044ef6fc158 is pointing into the stack for thread: 0x00000160ca4fe960
stack at sp + 4 slots: 0x0000000000000001 is an unknown value
stack at sp + 5 slots: 0x00007fffb773c668 jvm.dll
stack at sp + 6 slots: 0x00000160ca145d80 points into unknown readable memory: 0x00007fffb79aafc0 | c0 af 9a b7 ff 7f 00 00
stack at sp + 7 slots: 0x00000160ca34caf8 points into unknown readable memory: 0x00000160ca4fe960 | 60 e9 4f ca 60 01 00 00


---------------  P R O C E S S  ---------------

Threads class SMR info:
_java_thread_list=0x00000160ca4bfda0, length=12, elements={
0x00000160a6018bc0, 0x00000160c9f697f0, 0x00000160c975c480, 0x00000160c9f83f70,
0x00000160c9f86c40, 0x00000160c9f876f0, 0x00000160c9f88ae0, 0x00000160c9f8cad0,
0x00000160c9f8e4e0, 0x00000160ca0b3f10, 0x00000160ca0e4b20, 0x00000160ca4fe960
}

Java Threads: ( => current thread )
  0x00000160a6018bc0 JavaThread "main" [_thread_in_vm, id=20356, stack(0x00000044ee400000,0x00000044ee500000)]
  0x00000160c9f697f0 JavaThread "Reference Handler" daemon [_thread_blocked, id=20216, stack(0x00000044eeb00000,0x00000044eec00000)]
  0x00000160c975c480 JavaThread "Finalizer" daemon [_thread_blocked, id=19704, stack(0x00000044eec00000,0x00000044eed00000)]
  0x00000160c9f83f70 JavaThread "Signal Dispatcher" daemon [_thread_blocked, id=8140, stack(0x00000044eed00000,0x00000044eee00000)]
  0x00000160c9f86c40 JavaThread "Attach Listener" daemon [_thread_blocked, id=17084, stack(0x00000044eee00000,0x00000044eef00000)]
  0x00000160c9f876f0 JavaThread "Service Thread" daemon [_thread_blocked, id=13204, stack(0x00000044eef00000,0x00000044ef000000)]
  0x00000160c9f88ae0 JavaThread "C2 CompilerThread0" daemon [_thread_in_native, id=21592, stack(0x00000044ef000000,0x00000044ef100000)]
  0x00000160c9f8cad0 JavaThread "C1 CompilerThread0" daemon [_thread_blocked, id=20584, stack(0x00000044ef100000,0x00000044ef200000)]
  0x00000160c9f8e4e0 JavaThread "Sweeper thread" daemon [_thread_blocked, id=16088, stack(0x00000044ef200000,0x00000044ef300000)]
  0x00000160ca0b3f10 JavaThread "Notification Thread" daemon [_thread_blocked, id=13056, stack(0x00000044ef300000,0x00000044ef400000)]
  0x00000160ca0e4b20 JavaThread "Common-Cleaner" daemon [_thread_blocked, id=15472, stack(0x00000044ef500000,0x00000044ef600000)]
=>0x00000160ca4fe960 JavaThread "C2 CompilerThread1" daemon [_thread_in_native, id=20736, stack(0x00000044ef600000,0x00000044ef700000)]

Other Threads:
  0x00000160c9f68090 VMThread "VM Thread" [stack: 0x00000044eea00000,0x00000044eeb00000] [id=21284]
  0x00000160ca0dc820 WatcherThread [stack: 0x00000044ef400000,0x00000044ef500000] [id=2892]
  0x00000160a60677e0 GCTaskThread "GC Thread#0" [stack: 0x00000044ee500000,0x00000044ee600000] [id=19720]
  0x00000160a60789d0 ConcurrentGCThread "G1 Main Marker" [stack: 0x00000044ee600000,0x00000044ee700000] [id=20272]
  0x00000160a607ad70 ConcurrentGCThread "G1 Conc#0" [stack: 0x00000044ee700000,0x00000044ee800000] [id=15220]
  0x00000160a60d2a70 ConcurrentGCThread "G1 Refine#0" [stack: 0x00000044ee800000,0x00000044ee900000] [id=16864]
  0x00000160a60d3670 ConcurrentGCThread "G1 Young RemSet Sampling" [stack: 0x00000044ee900000,0x00000044eea00000] [id=796]

Threads with active compile tasks:
C2 CompilerThread0      280  679   !   4       java.util.zip.ZipFile$Source::getEntryPos (174 bytes)
C2 CompilerThread1      280  503       4       java.lang.String::indexOf (7 bytes)

VM state: not at safepoint (normal execution)

VM Mutex/Monitor currently owned by a thread: None

Heap address: 0x0000000701a00000, size: 4070 MB, Compressed Oops mode: Zero based, Oop shift amount: 3
CDS archive(s) mapped at: [0x0000000800000000-0x0000000800b50000-0x0000000800b50000), size 11862016, SharedBaseAddress: 0x0000000800000000, ArchiveRelocationMode: 0.
Compressed class space mapped at: 0x0000000800b50000-0x0000000840b50000, size: 1073741824
Narrow klass base: 0x0000000800000000, Narrow klass shift: 3, Narrow klass range: 0x100000000

GC Precious Log:
 CPUs: 8 total, 8 available
 Memory: 16275M
 Large Page Support: Disabled
 NUMA Support: Disabled
 Compressed Oops: Enabled (Zero based)
 Heap Region Size: 2M
 Heap Min Capacity: 8M
 Heap Initial Capacity: 256M
 Heap Max Capacity: 4070M
 Pre-touch: Disabled
 Parallel Workers: 8
 Concurrent Workers: 2
 Concurrent Refinement Workers: 8
 Periodic GC: Disabled

Heap:
 garbage-first heap   total 262144K, used 10240K [0x0000000701a00000, 0x0000000800000000)
  region size 2048K, 6 young (12288K), 0 survivors (0K)
 Metaspace       used 3348K, capacity 6419K, committed 6528K, reserved 1056768K
  class space    used 334K, capacity 629K, committed 640K, reserved 1048576K

Heap Regions: E=young(eden), S=young(survivor), O=old, HS=humongous(starts), HC=humongous(continues), CS=collection set, F=free, OA=open archive, CA=closed archive, TAMS=top-at-mark-start (previous, next)
|   0|0x0000000701a00000, 0x0000000701a00000, 0x0000000701c00000|  0%| F|  |TAMS 0x0000000701a00000, 0x0000000701a00000| Untracked 
|   1|0x0000000701c00000, 0x0000000701c00000, 0x0000000701e00000|  0%| F|  |TAMS 0x0000000701c00000, 0x0000000701c00000| Untracked 
|   2|0x0000000701e00000, 0x0000000701e00000, 0x0000000702000000|  0%| F|  |TAMS 0x0000000701e00000, 0x0000000701e00000| Untracked 
|   3|0x0000000702000000, 0x0000000702000000, 0x0000000702200000|  0%| F|  |TAMS 0x0000000702000000, 0x0000000702000000| Untracked 
|   4|0x0000000702200000, 0x0000000702200000, 0x0000000702400000|  0%| F|  |TAMS 0x0000000702200000, 0x0000000702200000| Untracked 
|   5|0x0000000702400000, 0x0000000702400000, 0x0000000702600000|  0%| F|  |TAMS 0x0000000702400000, 0x0000000702400000| Untracked 
|   6|0x0000000702600000, 0x0000000702600000, 0x0000000702800000|  0%| F|  |TAMS 0x0000000702600000, 0x0000000702600000| Untracked 
|   7|0x0000000702800000, 0x0000000702800000, 0x0000000702a00000|  0%| F|  |TAMS 0x0000000702800000, 0x0000000702800000| Untracked 
|   8|0x0000000702a00000, 0x0000000702a00000, 0x0000000702c00000|  0%| F|  |TAMS 0x0000000702a00000, 0x0000000702a00000| Untracked 
|   9|0x0000000702c00000, 0x0000000702c00000, 0x0000000702e00000|  0%| F|  |TAMS 0x0000000702c00000, 0x0000000702c00000| Untracked 
|  10|0x0000000702e00000, 0x0000000702e00000, 0x0000000703000000|  0%| F|  |TAMS 0x0000000702e00000, 0x0000000702e00000| Untracked 
|  11|0x0000000703000000, 0x0000000703000000, 0x0000000703200000|  0%| F|  |TAMS 0x0000000703000000, 0x0000000703000000| Untracked 
|  12|0x0000000703200000, 0x0000000703200000, 0x0000000703400000|  0%| F|  |TAMS 0x0000000703200000, 0x0000000703200000| Untracked 
|  13|0x0000000703400000, 0x0000000703400000, 0x0000000703600000|  0%| F|  |TAMS 0x0000000703400000, 0x0000000703400000| Untracked 
|  14|0x0000000703600000, 0x0000000703600000, 0x0000000703800000|  0%| F|  |TAMS 0x0000000703600000, 0x0000000703600000| Untracked 
|  15|0x0000000703800000, 0x0000000703800000, 0x0000000703a00000|  0%| F|  |TAMS 0x0000000703800000, 0x0000000703800000| Untracked 
|  16|0x0000000703a00000, 0x0000000703a00000, 0x0000000703c00000|  0%| F|  |TAMS 0x0000000703a00000, 0x0000000703a00000| Untracked 
|  17|0x0000000703c00000, 0x0000000703c00000, 0x0000000703e00000|  0%| F|  |TAMS 0x0000000703c00000, 0x0000000703c00000| Untracked 
|  18|0x0000000703e00000, 0x0000000703e00000, 0x0000000704000000|  0%| F|  |TAMS 0x0000000703e00000, 0x0000000703e00000| Untracked 
|  19|0x0000000704000000, 0x0000000704000000, 0x0000000704200000|  0%| F|  |TAMS 0x0000000704000000, 0x0000000704000000| Untracked 
|  20|0x0000000704200000, 0x0000000704200000, 0x0000000704400000|  0%| F|  |TAMS 0x0000000704200000, 0x0000000704200000| Untracked 
|  21|0x0000000704400000, 0x0000000704400000, 0x0000000704600000|  0%| F|  |TAMS 0x0000000704400000, 0x0000000704400000| Untracked 
|  22|0x0000000704600000, 0x0000000704600000, 0x0000000704800000|  0%| F|  |TAMS 0x0000000704600000, 0x0000000704600000| Untracked 
|  23|0x0000000704800000, 0x0000000704800000, 0x0000000704a00000|  0%| F|  |TAMS 0x0000000704800000, 0x0000000704800000| Untracked 
|  24|0x0000000704a00000, 0x0000000704a00000, 0x0000000704c00000|  0%| F|  |TAMS 0x0000000704a00000, 0x0000000704a00000| Untracked 
|  25|0x0000000704c00000, 0x0000000704c00000, 0x0000000704e00000|  0%| F|  |TAMS 0x0000000704c00000, 0x0000000704c00000| Untracked 
|  26|0x0000000704e00000, 0x0000000704e00000, 0x0000000705000000|  0%| F|  |TAMS 0x0000000704e00000, 0x0000000704e00000| Untracked 
|  27|0x0000000705000000, 0x0000000705000000, 0x0000000705200000|  0%| F|  |TAMS 0x0000000705000000, 0x0000000705000000| Untracked 
|  28|0x0000000705200000, 0x0000000705200000, 0x0000000705400000|  0%| F|  |TAMS 0x0000000705200000, 0x0000000705200000| Untracked 
|  29|0x0000000705400000, 0x0000000705400000, 0x0000000705600000|  0%| F|  |TAMS 0x0000000705400000, 0x0000000705400000| Untracked 
|  30|0x0000000705600000, 0x0000000705600000, 0x0000000705800000|  0%| F|  |TAMS 0x0000000705600000, 0x0000000705600000| Untracked 
|  31|0x0000000705800000, 0x0000000705800000, 0x0000000705a00000|  0%| F|  |TAMS 0x0000000705800000, 0x0000000705800000| Untracked 
|  32|0x0000000705a00000, 0x0000000705a00000, 0x0000000705c00000|  0%| F|  |TAMS 0x0000000705a00000, 0x0000000705a00000| Untracked 
|  33|0x0000000705c00000, 0x0000000705c00000, 0x0000000705e00000|  0%| F|  |TAMS 0x0000000705c00000, 0x0000000705c00000| Untracked 
|  34|0x0000000705e00000, 0x0000000705e00000, 0x0000000706000000|  0%| F|  |TAMS 0x0000000705e00000, 0x0000000705e00000| Untracked 
|  35|0x0000000706000000, 0x0000000706000000, 0x0000000706200000|  0%| F|  |TAMS 0x0000000706000000, 0x0000000706000000| Untracked 
|  36|0x0000000706200000, 0x0000000706200000, 0x0000000706400000|  0%| F|  |TAMS 0x0000000706200000, 0x0000000706200000| Untracked 
|  37|0x0000000706400000, 0x0000000706400000, 0x0000000706600000|  0%| F|  |TAMS 0x0000000706400000, 0x0000000706400000| Untracked 
|  38|0x0000000706600000, 0x0000000706600000, 0x0000000706800000|  0%| F|  |TAMS 0x0000000706600000, 0x0000000706600000| Untracked 
|  39|0x0000000706800000, 0x0000000706800000, 0x0000000706a00000|  0%| F|  |TAMS 0x0000000706800000, 0x0000000706800000| Untracked 
|  40|0x0000000706a00000, 0x0000000706a00000, 0x0000000706c00000|  0%| F|  |TAMS 0x0000000706a00000, 0x0000000706a00000| Untracked 
|  41|0x0000000706c00000, 0x0000000706c00000, 0x0000000706e00000|  0%| F|  |TAMS 0x0000000706c00000, 0x0000000706c00000| Untracked 
|  42|0x0000000706e00000, 0x0000000706e00000, 0x0000000707000000|  0%| F|  |TAMS 0x0000000706e00000, 0x0000000706e00000| Untracked 
|  43|0x0000000707000000, 0x0000000707000000, 0x0000000707200000|  0%| F|  |TAMS 0x0000000707000000, 0x0000000707000000| Untracked 
|  44|0x0000000707200000, 0x0000000707200000, 0x0000000707400000|  0%| F|  |TAMS 0x0000000707200000, 0x0000000707200000| Untracked 
|  45|0x0000000707400000, 0x0000000707400000, 0x0000000707600000|  0%| F|  |TAMS 0x0000000707400000, 0x0000000707400000| Untracked 
|  46|0x0000000707600000, 0x0000000707600000, 0x0000000707800000|  0%| F|  |TAMS 0x0000000707600000, 0x0000000707600000| Untracked 
|  47|0x0000000707800000, 0x0000000707800000, 0x0000000707a00000|  0%| F|  |TAMS 0x0000000707800000, 0x0000000707800000| Untracked 
|  48|0x0000000707a00000, 0x0000000707a00000, 0x0000000707c00000|  0%| F|  |TAMS 0x0000000707a00000, 0x0000000707a00000| Untracked 
|  49|0x0000000707c00000, 0x0000000707c00000, 0x0000000707e00000|  0%| F|  |TAMS 0x0000000707c00000, 0x0000000707c00000| Untracked 
|  50|0x0000000707e00000, 0x0000000707e00000, 0x0000000708000000|  0%| F|  |TAMS 0x0000000707e00000, 0x0000000707e00000| Untracked 
|  51|0x0000000708000000, 0x0000000708000000, 0x0000000708200000|  0%| F|  |TAMS 0x0000000708000000, 0x0000000708000000| Untracked 
|  52|0x0000000708200000, 0x0000000708200000, 0x0000000708400000|  0%| F|  |TAMS 0x0000000708200000, 0x0000000708200000| Untracked 
|  53|0x0000000708400000, 0x0000000708400000, 0x0000000708600000|  0%| F|  |TAMS 0x0000000708400000, 0x0000000708400000| Untracked 
|  54|0x0000000708600000, 0x0000000708600000, 0x0000000708800000|  0%| F|  |TAMS 0x0000000708600000, 0x0000000708600000| Untracked 
|  55|0x0000000708800000, 0x0000000708800000, 0x0000000708a00000|  0%| F|  |TAMS 0x0000000708800000, 0x0000000708800000| Untracked 
|  56|0x0000000708a00000, 0x0000000708a00000, 0x0000000708c00000|  0%| F|  |TAMS 0x0000000708a00000, 0x0000000708a00000| Untracked 
|  57|0x0000000708c00000, 0x0000000708c00000, 0x0000000708e00000|  0%| F|  |TAMS 0x0000000708c00000, 0x0000000708c00000| Untracked 
|  58|0x0000000708e00000, 0x0000000708e00000, 0x0000000709000000|  0%| F|  |TAMS 0x0000000708e00000, 0x0000000708e00000| Untracked 
|  59|0x0000000709000000, 0x0000000709000000, 0x0000000709200000|  0%| F|  |TAMS 0x0000000709000000, 0x0000000709000000| Untracked 
|  60|0x0000000709200000, 0x0000000709200000, 0x0000000709400000|  0%| F|  |TAMS 0x0000000709200000, 0x0000000709200000| Untracked 
|  61|0x0000000709400000, 0x0000000709400000, 0x0000000709600000|  0%| F|  |TAMS 0x0000000709400000, 0x0000000709400000| Untracked 
|  62|0x0000000709600000, 0x0000000709600000, 0x0000000709800000|  0%| F|  |TAMS 0x0000000709600000, 0x0000000709600000| Untracked 
|  63|0x0000000709800000, 0x0000000709800000, 0x0000000709a00000|  0%| F|  |TAMS 0x0000000709800000, 0x0000000709800000| Untracked 
|  64|0x0000000709a00000, 0x0000000709a00000, 0x0000000709c00000|  0%| F|  |TAMS 0x0000000709a00000, 0x0000000709a00000| Untracked 
|  65|0x0000000709c00000, 0x0000000709c00000, 0x0000000709e00000|  0%| F|  |TAMS 0x0000000709c00000, 0x0000000709c00000| Untracked 
|  66|0x0000000709e00000, 0x0000000709e00000, 0x000000070a000000|  0%| F|  |TAMS 0x0000000709e00000, 0x0000000709e00000| Untracked 
|  67|0x000000070a000000, 0x000000070a000000, 0x000000070a200000|  0%| F|  |TAMS 0x000000070a000000, 0x000000070a000000| Untracked 
|  68|0x000000070a200000, 0x000000070a200000, 0x000000070a400000|  0%| F|  |TAMS 0x000000070a200000, 0x000000070a200000| Untracked 
|  69|0x000000070a400000, 0x000000070a400000, 0x000000070a600000|  0%| F|  |TAMS 0x000000070a400000, 0x000000070a400000| Untracked 
|  70|0x000000070a600000, 0x000000070a600000, 0x000000070a800000|  0%| F|  |TAMS 0x000000070a600000, 0x000000070a600000| Untracked 
|  71|0x000000070a800000, 0x000000070a800000, 0x000000070aa00000|  0%| F|  |TAMS 0x000000070a800000, 0x000000070a800000| Untracked 
|  72|0x000000070aa00000, 0x000000070aa00000, 0x000000070ac00000|  0%| F|  |TAMS 0x000000070aa00000, 0x000000070aa00000| Untracked 
|  73|0x000000070ac00000, 0x000000070ac00000, 0x000000070ae00000|  0%| F|  |TAMS 0x000000070ac00000, 0x000000070ac00000| Untracked 
|  74|0x000000070ae00000, 0x000000070ae00000, 0x000000070b000000|  0%| F|  |TAMS 0x000000070ae00000, 0x000000070ae00000| Untracked 
|  75|0x000000070b000000, 0x000000070b000000, 0x000000070b200000|  0%| F|  |TAMS 0x000000070b000000, 0x000000070b000000| Untracked 
|  76|0x000000070b200000, 0x000000070b200000, 0x000000070b400000|  0%| F|  |TAMS 0x000000070b200000, 0x000000070b200000| Untracked 
|  77|0x000000070b400000, 0x000000070b400000, 0x000000070b600000|  0%| F|  |TAMS 0x000000070b400000, 0x000000070b400000| Untracked 
|  78|0x000000070b600000, 0x000000070b600000, 0x000000070b800000|  0%| F|  |TAMS 0x000000070b600000, 0x000000070b600000| Untracked 
|  79|0x000000070b800000, 0x000000070b800000, 0x000000070ba00000|  0%| F|  |TAMS 0x000000070b800000, 0x000000070b800000| Untracked 
|  80|0x000000070ba00000, 0x000000070ba00000, 0x000000070bc00000|  0%| F|  |TAMS 0x000000070ba00000, 0x000000070ba00000| Untracked 
|  81|0x000000070bc00000, 0x000000070bc00000, 0x000000070be00000|  0%| F|  |TAMS 0x000000070bc00000, 0x000000070bc00000| Untracked 
|  82|0x000000070be00000, 0x000000070be00000, 0x000000070c000000|  0%| F|  |TAMS 0x000000070be00000, 0x000000070be00000| Untracked 
|  83|0x000000070c000000, 0x000000070c000000, 0x000000070c200000|  0%| F|  |TAMS 0x000000070c000000, 0x000000070c000000| Untracked 
|  84|0x000000070c200000, 0x000000070c200000, 0x000000070c400000|  0%| F|  |TAMS 0x000000070c200000, 0x000000070c200000| Untracked 
|  85|0x000000070c400000, 0x000000070c400000, 0x000000070c600000|  0%| F|  |TAMS 0x000000070c400000, 0x000000070c400000| Untracked 
|  86|0x000000070c600000, 0x000000070c600000, 0x000000070c800000|  0%| F|  |TAMS 0x000000070c600000, 0x000000070c600000| Untracked 
|  87|0x000000070c800000, 0x000000070c800000, 0x000000070ca00000|  0%| F|  |TAMS 0x000000070c800000, 0x000000070c800000| Untracked 
|  88|0x000000070ca00000, 0x000000070ca00000, 0x000000070cc00000|  0%| F|  |TAMS 0x000000070ca00000, 0x000000070ca00000| Untracked 
|  89|0x000000070cc00000, 0x000000070cc00000, 0x000000070ce00000|  0%| F|  |TAMS 0x000000070cc00000, 0x000000070cc00000| Untracked 
|  90|0x000000070ce00000, 0x000000070ce00000, 0x000000070d000000|  0%| F|  |TAMS 0x000000070ce00000, 0x000000070ce00000| Untracked 
|  91|0x000000070d000000, 0x000000070d000000, 0x000000070d200000|  0%| F|  |TAMS 0x000000070d000000, 0x000000070d000000| Untracked 
|  92|0x000000070d200000, 0x000000070d200000, 0x000000070d400000|  0%| F|  |TAMS 0x000000070d200000, 0x000000070d200000| Untracked 
|  93|0x000000070d400000, 0x000000070d400000, 0x000000070d600000|  0%| F|  |TAMS 0x000000070d400000, 0x000000070d400000| Untracked 
|  94|0x000000070d600000, 0x000000070d600000, 0x000000070d800000|  0%| F|  |TAMS 0x000000070d600000, 0x000000070d600000| Untracked 
|  95|0x000000070d800000, 0x000000070d800000, 0x000000070da00000|  0%| F|  |TAMS 0x000000070d800000, 0x000000070d800000| Untracked 
|  96|0x000000070da00000, 0x000000070da00000, 0x000000070dc00000|  0%| F|  |TAMS 0x000000070da00000, 0x000000070da00000| Untracked 
|  97|0x000000070dc00000, 0x000000070dc00000, 0x000000070de00000|  0%| F|  |TAMS 0x000000070dc00000, 0x000000070dc00000| Untracked 
|  98|0x000000070de00000, 0x000000070de00000, 0x000000070e000000|  0%| F|  |TAMS 0x000000070de00000, 0x000000070de00000| Untracked 
|  99|0x000000070e000000, 0x000000070e000000, 0x000000070e200000|  0%| F|  |TAMS 0x000000070e000000, 0x000000070e000000| Untracked 
| 100|0x000000070e200000, 0x000000070e200000, 0x000000070e400000|  0%| F|  |TAMS 0x000000070e200000, 0x000000070e200000| Untracked 
| 101|0x000000070e400000, 0x000000070e400000, 0x000000070e600000|  0%| F|  |TAMS 0x000000070e400000, 0x000000070e400000| Untracked 
| 102|0x000000070e600000, 0x000000070e600000, 0x000000070e800000|  0%| F|  |TAMS 0x000000070e600000, 0x000000070e600000| Untracked 
| 103|0x000000070e800000, 0x000000070e800000, 0x000000070ea00000|  0%| F|  |TAMS 0x000000070e800000, 0x000000070e800000| Untracked 
| 104|0x000000070ea00000, 0x000000070ea00000, 0x000000070ec00000|  0%| F|  |TAMS 0x000000070ea00000, 0x000000070ea00000| Untracked 
| 105|0x000000070ec00000, 0x000000070ec00000, 0x000000070ee00000|  0%| F|  |TAMS 0x000000070ec00000, 0x000000070ec00000| Untracked 
| 106|0x000000070ee00000, 0x000000070ee00000, 0x000000070f000000|  0%| F|  |TAMS 0x000000070ee00000, 0x000000070ee00000| Untracked 
| 107|0x000000070f000000, 0x000000070f000000, 0x000000070f200000|  0%| F|  |TAMS 0x000000070f000000, 0x000000070f000000| Untracked 
| 108|0x000000070f200000, 0x000000070f200000, 0x000000070f400000|  0%| F|  |TAMS 0x000000070f200000, 0x000000070f200000| Untracked 
| 109|0x000000070f400000, 0x000000070f400000, 0x000000070f600000|  0%| F|  |TAMS 0x000000070f400000, 0x000000070f400000| Untracked 
| 110|0x000000070f600000, 0x000000070f600000, 0x000000070f800000|  0%| F|  |TAMS 0x000000070f600000, 0x000000070f600000| Untracked 
| 111|0x000000070f800000, 0x000000070f800000, 0x000000070fa00000|  0%| F|  |TAMS 0x000000070f800000, 0x000000070f800000| Untracked 
| 112|0x000000070fa00000, 0x000000070fa00000, 0x000000070fc00000|  0%| F|  |TAMS 0x000000070fa00000, 0x000000070fa00000| Untracked 
| 113|0x000000070fc00000, 0x000000070fc00000, 0x000000070fe00000|  0%| F|  |TAMS 0x000000070fc00000, 0x000000070fc00000| Untracked 
| 114|0x000000070fe00000, 0x000000070fe00000, 0x0000000710000000|  0%| F|  |TAMS 0x000000070fe00000, 0x000000070fe00000| Untracked 
| 115|0x0000000710000000, 0x0000000710000000, 0x0000000710200000|  0%| F|  |TAMS 0x0000000710000000, 0x0000000710000000| Untracked 
| 116|0x0000000710200000, 0x0000000710200000, 0x0000000710400000|  0%| F|  |TAMS 0x0000000710200000, 0x0000000710200000| Untracked 
| 117|0x0000000710400000, 0x0000000710400000, 0x0000000710600000|  0%| F|  |TAMS 0x0000000710400000, 0x0000000710400000| Untracked 
| 118|0x0000000710600000, 0x0000000710600000, 0x0000000710800000|  0%| F|  |TAMS 0x0000000710600000, 0x0000000710600000| Untracked 
| 119|0x0000000710800000, 0x0000000710800000, 0x0000000710a00000|  0%| F|  |TAMS 0x0000000710800000, 0x0000000710800000| Untracked 
| 120|0x0000000710a00000, 0x0000000710a00000, 0x0000000710c00000|  0%| F|  |TAMS 0x0000000710a00000, 0x0000000710a00000| Untracked 
| 121|0x0000000710c00000, 0x0000000710c00000, 0x0000000710e00000|  0%| F|  |TAMS 0x0000000710c00000, 0x0000000710c00000| Untracked 
| 122|0x0000000710e00000, 0x0000000710f58988, 0x0000000711000000| 67%| E|  |TAMS 0x0000000710e00000, 0x0000000710e00000| Complete 
| 123|0x0000000711000000, 0x0000000711200000, 0x0000000711200000|100%| E|CS|TAMS 0x0000000711000000, 0x0000000711000000| Complete 
| 124|0x0000000711200000, 0x0000000711400000, 0x0000000711400000|100%| E|CS|TAMS 0x0000000711200000, 0x0000000711200000| Complete 
| 125|0x0000000711400000, 0x0000000711600000, 0x0000000711600000|100%| E|CS|TAMS 0x0000000711400000, 0x0000000711400000| Complete 
| 126|0x0000000711600000, 0x0000000711800000, 0x0000000711800000|100%| E|CS|TAMS 0x0000000711600000, 0x0000000711600000| Complete 
| 127|0x0000000711800000, 0x0000000711a00000, 0x0000000711a00000|100%| E|CS|TAMS 0x0000000711800000, 0x0000000711800000| Complete 

Card table byte_map: [0x00000160bdd80000,0x00000160be580000] _byte_map_base: 0x00000160ba573000

Marking Bits (Prev, Next): (CMBitMap*) 0x00000160a6068050, (CMBitMap*) 0x00000160a6068090
 Prev Bits: [0x00000160bed80000, 0x00000160c2d18000)
 Next Bits: [0x00000160c2d20000, 0x00000160c6cb8000)

Polling page: 0x00000160a3de0000

Metaspace:

Usage:
  Non-class:      5.72 MB capacity,     2.99 MB ( 52%) used,     2.73 MB ( 48%) free+waste,     2.50 KB ( <1%) overhead. 
      Class:    661.00 KB capacity,   340.23 KB ( 51%) used,   319.45 KB ( 48%) free+waste,     1.31 KB ( <1%) overhead. 
       Both:      6.36 MB capacity,     3.32 MB ( 52%) used,     3.04 MB ( 48%) free+waste,     3.81 KB ( <1%) overhead. 

Virtual space:
  Non-class space:        8.00 MB reserved,       5.75 MB ( 72%) committed 
      Class space:        1.00 GB reserved,     768.00 KB ( <1%) committed 
             Both:        1.01 GB reserved,       6.50 MB ( <1%) committed 

Chunk freelists:
   Non-Class:  34.00 KB
       Class:  11.00 KB
        Both:  45.00 KB

MaxMetaspaceSize: 17179869184.00 GB
CompressedClassSpaceSize: 1.00 GB

CodeHeap 'non-profiled nmethods': size=120000Kb used=192Kb max_used=192Kb free=119807Kb
 bounds [0x00000160b5d10000, 0x00000160b5f80000, 0x00000160bd240000]
CodeHeap 'profiled nmethods': size=120000Kb used=1256Kb max_used=1256Kb free=118744Kb
 bounds [0x00000160ae7e0000, 0x00000160aea50000, 0x00000160b5d10000]
CodeHeap 'non-nmethods': size=5760Kb used=1154Kb max_used=1179Kb free=4605Kb
 bounds [0x00000160ae240000, 0x00000160ae4b0000, 0x00000160ae7e0000]
 total_blobs=1095 nmethods=690 adapters=318
 compilation: enabled
              stopped_count=0, restarted_count=0
 full_count=0

Compilation events (20 events):
Event: 0.207 Thread 0x00000160c9f8cad0 nmethod 586 0x00000160ae8cda10 code [0x00000160ae8cdbc0, 0x00000160ae8cdda8]
Event: 0.207 Thread 0x00000160c9f8cad0  588       3       java.lang.invoke.MemberName::initResolved (53 bytes)
Event: 0.207 Thread 0x00000160c9f8cad0 nmethod 588 0x00000160ae8cdf10 code [0x00000160ae8ce0a0, 0x00000160ae8ce258]
Event: 0.207 Thread 0x00000160c9f8cad0  590       3       java.lang.invoke.MethodType::parameterCount (6 bytes)
Event: 0.208 Thread 0x00000160c9f8cad0 nmethod 590 0x00000160ae8ce310 code [0x00000160ae8ce4a0, 0x00000160ae8ce5b8]
Event: 0.208 Thread 0x00000160c9f8cad0  589       1       java.lang.invoke.MethodTypeForm::erasedType (5 bytes)
Event: 0.208 Thread 0x00000160c9f8cad0 nmethod 589 0x00000160b5d37f90 code [0x00000160b5d38120, 0x00000160b5d381d8]
Event: 0.208 Thread 0x00000160c9f8cad0  591   !   3       java.lang.invoke.MemberName::getMethodType (203 bytes)
Event: 0.209 Thread 0x00000160c9f8cad0 nmethod 591 0x00000160ae8ce690 code [0x00000160ae8ce980, 0x00000160ae8cff98]
Event: 0.209 Thread 0x00000160c9f8cad0  593       3       jdk.internal.org.objectweb.asm.ClassReader::readUnsignedShort (26 bytes)
Event: 0.209 Thread 0x00000160c9f8cad0 nmethod 593 0x00000160ae8d0590 code [0x00000160ae8d0720, 0x00000160ae8d0898]
Event: 0.209 Thread 0x00000160c9f8cad0  594       3       java.lang.Object::equals (11 bytes)
Event: 0.209 Thread 0x00000160c9f8cad0 nmethod 594 0x00000160ae8d0990 code [0x00000160ae8d0b20, 0x00000160ae8d0c78]
Event: 0.209 Thread 0x00000160c9f88ae0  595       4       java.lang.StringUTF16::getChar (60 bytes)
Event: 0.210 Thread 0x00000160c9f88ae0 nmethod 595 0x00000160b5d38590 code [0x00000160b5d38700, 0x00000160b5d387b8]
Event: 0.210 Thread 0x00000160c9f8cad0  596       3       java.util.Locale::hasExtensions (13 bytes)
Event: 0.210 Thread 0x00000160c9f8cad0 nmethod 596 0x00000160ae8d0d10 code [0x00000160ae8d0ea0, 0x00000160ae8d0ff8]
Event: 0.211 Thread 0x00000160c9f8cad0  597       3       java.util.ArrayDeque::addLast (51 bytes)
Event: 0.211 Thread 0x00000160c9f8cad0 nmethod 597 0x00000160ae8d1090 code [0x00000160ae8d1260, 0x00000160ae8d1738]
Event: 0.211 Thread 0x00000160c9f8cad0  599       3       java.net.URLStreamHandler::parseURL (1201 bytes)

GC Heap History (0 events):
No events

Deoptimization events (10 events):
Event: 0.063 Thread 0x00000160a6018bc0 DEOPT PACKING pc=0x00000160ae808bf6 sp=0x00000044ee4fdf70
Event: 0.063 Thread 0x00000160a6018bc0 DEOPT UNPACKING pc=0x00000160ae28e23f sp=0x00000044ee4fd410 mode 0
Event: 0.087 Thread 0x00000160a6018bc0 Uncommon trap: trap_request=0xffffff45 fr.pc=0x00000160b5d137c8 relative=0x0000000000000228
Event: 0.087 Thread 0x00000160a6018bc0 Uncommon trap: reason=unstable_if action=reinterpret pc=0x00000160b5d137c8 method=java.lang.String.hashCode()I @ 13 c2
Event: 0.087 Thread 0x00000160a6018bc0 DEOPT PACKING pc=0x00000160b5d137c8 sp=0x00000044ee4fc160
Event: 0.087 Thread 0x00000160a6018bc0 DEOPT UNPACKING pc=0x00000160ae28e42f sp=0x00000044ee4fc0f8 mode 2
Event: 0.203 Thread 0x00000160a6018bc0 Uncommon trap: trap_request=0xffffff45 fr.pc=0x00000160b5d1c548 relative=0x0000000000000428
Event: 0.203 Thread 0x00000160a6018bc0 Uncommon trap: reason=unstable_if action=reinterpret pc=0x00000160b5d1c548 method=java.lang.StringLatin1.canEncode(I)Z @ 4 c2
Event: 0.203 Thread 0x00000160a6018bc0 DEOPT PACKING pc=0x00000160b5d1c548 sp=0x00000044ee4fd9a0
Event: 0.203 Thread 0x00000160a6018bc0 DEOPT UNPACKING pc=0x00000160ae28e42f sp=0x00000044ee4fd8c8 mode 2

Classes unloaded (0 events):
No events

Classes redefined (0 events):
No events

Internal exceptions (0 events):
No events

Events (20 events):
Event: 0.176 Executing VM operation: HandshakeAllThreads
Event: 0.176 Executing VM operation: HandshakeAllThreads done
Event: 0.181 loading class java/text/ParseException
Event: 0.181 loading class java/text/ParseException done
Event: 0.185 loading class sun/util/calendar/ZoneInfoFile$Checksum
Event: 0.185 loading class java/util/zip/CRC32
Event: 0.185 loading class java/util/zip/Checksum
Event: 0.186 loading class java/util/zip/Checksum done
Event: 0.186 loading class java/util/zip/CRC32 done
Event: 0.186 loading class sun/util/calendar/ZoneInfoFile$Checksum done
Event: 0.186 loading class java/util/zip/Checksum$1
Event: 0.186 loading class java/util/zip/Checksum$1 done
Event: 0.188 loading class jdk/internal/module/ModulePatcher$PatchedModuleReader
Event: 0.188 loading class jdk/internal/module/ModulePatcher$PatchedModuleReader done
Event: 0.188 loading class sun/net/www/protocol/jrt/Handler
Event: 0.188 loading class sun/net/www/protocol/jrt/Handler done
Event: 0.202 loading class sun/text/resources/cldr/FormatData_en
Event: 0.202 loading class sun/text/resources/cldr/FormatData_en done
Event: 0.202 loading class sun/text/resources/cldr/FormatData_en_US
Event: 0.202 loading class sun/text/resources/cldr/FormatData_en_US done


Dynamic libraries:
0x00007ff73d460000 - 0x00007ff73d46f000 	C:\Program Files\Java\jdk-15.0.1\bin\java.exe
0x00007ff81a900000 - 0x00007ff81aaf0000 	C:\WINDOWS\SYSTEM32\ntdll.dll
0x00007ff805c50000 - 0x00007ff805c62000 	C:\Program Files\AVG\Antivirus\aswhook.dll
0x00007ff818de0000 - 0x00007ff818e92000 	C:\WINDOWS\System32\KERNEL32.DLL
0x00007ff818350000 - 0x00007ff8185f5000 	C:\WINDOWS\System32\KERNELBASE.dll
0x00007ff818800000 - 0x00007ff8188fa000 	C:\WINDOWS\System32\ucrtbase.dll
0x00007ff8141b0000 - 0x00007ff8141c8000 	C:\Program Files\Java\jdk-15.0.1\bin\jli.dll
0x00007ff81a710000 - 0x00007ff81a7b3000 	C:\WINDOWS\System32\ADVAPI32.dll
0x00007ff818bc0000 - 0x00007ff818c5e000 	C:\WINDOWS\System32\msvcrt.dll
0x00007ff81a820000 - 0x00007ff81a8b7000 	C:\WINDOWS\System32\sechost.dll
0x00007ff81a1a0000 - 0x00007ff81a2c0000 	C:\WINDOWS\System32\RPCRT4.dll
0x00007ff8190c0000 - 0x00007ff819254000 	C:\WINDOWS\System32\USER32.dll
0x00007ff8187a0000 - 0x00007ff8187c1000 	C:\WINDOWS\System32\win32u.dll
0x00007ff819f60000 - 0x00007ff819f86000 	C:\WINDOWS\System32\GDI32.dll
0x00007ff8180f0000 - 0x00007ff818286000 	C:\WINDOWS\System32\gdi32full.dll
0x00007ff818290000 - 0x00007ff81832e000 	C:\WINDOWS\System32\msvcp_win.dll
0x00007ff809ef0000 - 0x00007ff809f09000 	C:\Program Files\Java\jdk-15.0.1\bin\VCRUNTIME140.dll
0x00007ff80a4a0000 - 0x00007ff80a724000 	C:\WINDOWS\WinSxS\amd64_microsoft.windows.common-controls_6595b64144ccf1df_6.0.18362.1198_none_9e820b57e45ad92f\COMCTL32.dll
0x00007ff81a320000 - 0x00007ff81a655000 	C:\WINDOWS\System32\combase.dll
0x00007ff818010000 - 0x00007ff818090000 	C:\WINDOWS\System32\bcryptPrimitives.dll
0x00007ff812fd0000 - 0x00007ff812fda000 	C:\WINDOWS\SYSTEM32\VERSION.dll
0x00007ff818c60000 - 0x00007ff818c8e000 	C:\WINDOWS\System32\IMM32.DLL
0x00007ff8158c0000 - 0x00007ff8158cc000 	C:\Program Files\Java\jdk-15.0.1\bin\vcruntime140_1.dll
0x00007fffe0e40000 - 0x00007fffe0ed1000 	C:\Program Files\Java\jdk-15.0.1\bin\msvcp140.dll
0x00007fffb7180000 - 0x00007fffb7cde000 	C:\Program Files\Java\jdk-15.0.1\bin\server\jvm.dll
0x00007ff8189b0000 - 0x00007ff8189b8000 	C:\WINDOWS\System32\PSAPI.DLL
0x00007ff80a060000 - 0x00007ff80a069000 	C:\WINDOWS\SYSTEM32\WSOCK32.dll
0x00007ff819270000 - 0x00007ff8192df000 	C:\WINDOWS\System32\WS2_32.dll
0x00007ff8151c0000 - 0x00007ff8151e4000 	C:\WINDOWS\SYSTEM32\WINMM.dll
0x00007ff8143b0000 - 0x00007ff8143dd000 	C:\WINDOWS\SYSTEM32\WINMMBASE.dll
0x00007ff818600000 - 0x00007ff81864a000 	C:\WINDOWS\System32\cfgmgr32.dll
0x00007ff8177c0000 - 0x00007ff8177d1000 	C:\WINDOWS\System32\kernel.appcore.dll
0x00007ff810e40000 - 0x00007ff810e4a000 	C:\Program Files\Java\jdk-15.0.1\bin\jimage.dll
0x00007ff811e00000 - 0x00007ff811ff4000 	C:\WINDOWS\SYSTEM32\DBGHELP.DLL
0x00007ff811c30000 - 0x00007ff811c5a000 	C:\WINDOWS\SYSTEM32\dbgcore.DLL
0x00007ff8037c0000 - 0x00007ff8037e5000 	C:\Program Files\Java\jdk-15.0.1\bin\java.dll
0x00007ff8192e0000 - 0x00007ff8199c7000 	C:\WINDOWS\System32\SHELL32.dll
0x00007ff8199d0000 - 0x00007ff819a79000 	C:\WINDOWS\System32\shcore.dll
0x00007ff817880000 - 0x00007ff818001000 	C:\WINDOWS\System32\windows.storage.dll
0x00007ff817850000 - 0x00007ff817873000 	C:\WINDOWS\System32\profapi.dll
0x00007ff8177e0000 - 0x00007ff81782a000 	C:\WINDOWS\System32\powrprof.dll
0x00007ff8177b0000 - 0x00007ff8177c0000 	C:\WINDOWS\System32\UMPDC.dll
0x00007ff81a7c0000 - 0x00007ff81a812000 	C:\WINDOWS\System32\shlwapi.dll
0x00007ff818330000 - 0x00007ff818347000 	C:\WINDOWS\System32\cryptsp.dll
0x00007ff803770000 - 0x00007ff803789000 	C:\Program Files\Java\jdk-15.0.1\bin\net.dll
0x00007ff8137a0000 - 0x00007ff813890000 	C:\WINDOWS\SYSTEM32\WINHTTP.dll
0x00007ff816f50000 - 0x00007ff816fb7000 	C:\WINDOWS\system32\mswsock.dll
0x00007ff802f70000 - 0x00007ff802f82000 	C:\Program Files\Java\jdk-15.0.1\bin\nio.dll
0x00007ff802f30000 - 0x00007ff802f48000 	C:\Program Files\Java\jdk-15.0.1\bin\zip.dll
0x00007ff809d20000 - 0x00007ff809d30000 	C:\Program Files\Java\jdk-15.0.1\bin\verify.dll
0x00007ff803090000 - 0x00007ff80309a000 	C:\apache-maven-3.6.3\lib\jansi-native\windows64\jansi.dll

dbghelp: loaded successfully - version: 4.0.5 - missing functions: none
symbol engine: initialized successfully - sym options: 0x614 - pdb path: .;C:\Program Files\Java\jdk-15.0.1\bin;C:\WINDOWS\SYSTEM32;C:\Program Files\AVG\Antivirus;C:\WINDOWS\WinSxS\amd64_microsoft.windows.common-controls_6595b64144ccf1df_6.0.18362.1198_none_9e820b57e45ad92f;C:\Program Files\Java\jdk-15.0.1\bin\server;C:\apache-maven-3.6.3\lib\jansi-native\windows64

VM Arguments:
jvm_args: -Dclassworlds.conf=C:\apache-maven-3.6.3\bin\..\bin\m2.conf -Dmaven.home=C:\apache-maven-3.6.3\bin\.. -Dlibrary.jansi.path=C:\apache-maven-3.6.3\bin\..\lib\jansi-native -Dmaven.multiModuleProjectDirectory=D:\TASK(2020.10~)\graber 
java_command: org.codehaus.plexus.classworlds.launcher.Launcher clean install
java_class_path (initial): C:\apache-maven-3.6.3\bin\..\boot\plexus-classworlds-2.6.0.jar
Launcher Type: SUN_STANDARD

[Global flags]
     intx CICompilerCount                          = 4                                         {product} {ergonomic}
     uint ConcGCThreads                            = 2                                         {product} {ergonomic}
     uint G1ConcRefinementThreads                  = 8                                         {product} {ergonomic}
   size_t G1HeapRegionSize                         = 2097152                                   {product} {ergonomic}
    uintx GCDrainStackTargetSize                   = 64                                        {product} {ergonomic}
   size_t InitialHeapSize                          = 268435456                                 {product} {ergonomic}
   size_t MarkStackSize                            = 4194304                                   {product} {ergonomic}
   size_t MaxHeapSize                              = 4267704320                                {product} {ergonomic}
   size_t MaxNewSize                               = 2560622592                                {product} {ergonomic}
   size_t MinHeapDeltaBytes                        = 2097152                                   {product} {ergonomic}
   size_t MinHeapSize                              = 8388608                                   {product} {ergonomic}
    uintx NonNMethodCodeHeapSize                   = 5839372                                {pd product} {ergonomic}
    uintx NonProfiledCodeHeapSize                  = 122909434                              {pd product} {ergonomic}
    uintx ProfiledCodeHeapSize                     = 122909434                              {pd product} {ergonomic}
    uintx ReservedCodeCacheSize                    = 251658240                              {pd product} {ergonomic}
     bool SegmentedCodeCache                       = true                                      {product} {ergonomic}
   size_t SoftMaxHeapSize                          = 4267704320                             {manageable} {ergonomic}
     bool UseCompressedClassPointers               = true                                 {lp64_product} {ergonomic}
     bool UseCompressedOops                        = true                                 {lp64_product} {ergonomic}
     bool UseG1GC                                  = true                                      {product} {ergonomic}
     bool UseLargePagesIndividualAllocation        = false                                  {pd product} {ergonomic}

Logging:
Log output configuration:
 #0: stdout all=warning uptime,level,tags
 #1: stderr all=off uptime,level,tags

Environment Variables:
JAVA_HOME=C:\Program Files\Java\jdk-15.0.1
PATH=C:\Program Files\Common Files\Oracle\Java\javapath;C:\ActiveTcl\bin;C:\python3\Scripts\;C:\python3\;C:\WINDOWS\system32;C:\WINDOWS;C:\WINDOWS\System32\Wbem;C:\WINDOWS\System32\WindowsPowerShell\v1.0\;C:\WINDOWS\System32\OpenSSH\;C:\Program Files\nodejs\;C:\ProgramData\chocolatey\bin;C:\Program Files\Git\cmd;C:\Program Files\PuTTY\;E:\xampp\php;C:\composer;C:\Program Files\Docker\Docker\resources\bin;C:\ProgramData\DockerDesktop\version-bin;C:\Program Files (x86)\Yarn\bin\;C:\gradle-6.7.1\bin;C:\Program Files\Java\jdk-15.0.1\bin;C:\apache-maven-3.6.3\bin;C:\Users\Top Developer\AppData\Local\Microsoft\WindowsApps;C:\Users\Top Developer\AppData\Local\Programs\EmEditor;C:\Users\Top Developer\AppData\Local\Programs\Microsoft VS Code\bin;C:\Users\Top Developer\AppData\Roaming\npm;C:\Users\Top Developer\AppData\Roaming\Composer\vendor\bin;C:\Program Files\JetBrains\PyCharm Community Edition 2020.2.3\bin;C:\Program Files\MongoDB\Server\4.4\bin;C:\Users\Top Developer\AppData\Local\Yarn\bin;C:\Program Files\JetBrains\IntelliJ IDEA Community Edition 2020.2.3\bin
USERNAME=Top Developer
OS=Windows_NT
PROCESSOR_IDENTIFIER=Intel64 Family 6 Model 158 Stepping 9, GenuineIntel



---------------  S Y S T E M  ---------------

OS:
 Windows 10 , 64 bit Build 18362 (10.0.18362.1110)
OS uptime: 3 days 2:56 hours
HyperV virtualization detected

CPU: total 8 (initial active 8) (4 cores per cpu, 2 threads per core) family 6 model 158 stepping 9 microcode 0x8e, cmov, cx8, fxsr, mmx, sse, sse2, sse3, ssse3, sse4.1, sse4.2, popcnt, vzeroupper, avx, avx2, aes, clmul, erms, rtm, 3dnowpref, lzcnt, ht, tsc, tscinvbit, bmi1, bmi2, adx, fma, clflush, clflushopt

Memory: 4k page, system-wide physical 16275M (5553M free)
TotalPageFile size 19739M (AvailPageFile size 3079M)
current process WorkingSet (physical memory assigned to process): 56M, peak: 56M
current process commit charge ("private bytes"): 358M, peak: 358M

vm_info: Java HotSpot(TM) 64-Bit Server VM (15.0.1+9-18) for windows-amd64 JRE (15.0.1+9-18), built on Sep 15 2020 14:43:54 by "mach5one" with unknown MS VC++:1925

END.
